Analysis & Synthesis report for Snake_fpga
Sun Dec 24 22:20:47 2017
Quartus II 64-Bit Version 13.1.0 Build 162 10/23/2013 SJ Full Version


---------------------
; Table of Contents ;
---------------------
  1. Legal Notice
  2. Analysis & Synthesis Summary
  3. Analysis & Synthesis Settings
  4. Parallel Compilation
  5. Analysis & Synthesis Source Files Read
  6. Analysis & Synthesis Resource Usage Summary
  7. Analysis & Synthesis Resource Utilization by Entity
  8. Analysis & Synthesis RAM Summary
  9. Analysis & Synthesis IP Cores Summary
 10. State Machine - |snake_ram|ram_state
 11. Registers Removed During Synthesis
 12. General Register Statistics
 13. Inverted Register Statistics
 14. Multiplexer Restructuring Statistics (Restructuring Performed)
 15. Source assignments for vram:vram|altsyncram:altsyncram_component|altsyncram_5en1:auto_generated
 16. Parameter Settings for User Entity Instance: vram:vram|altsyncram:altsyncram_component
 17. Parameter Settings for Inferred Entity Instance: lpm_mult:Mult1
 18. Parameter Settings for Inferred Entity Instance: lpm_mult:Mult0
 19. Parameter Settings for Inferred Entity Instance: lpm_mult:Mult3
 20. Parameter Settings for Inferred Entity Instance: lpm_mult:Mult2
 21. altsyncram Parameter Settings by Entity Instance
 22. lpm_mult Parameter Settings by Entity Instance
 23. Port Connectivity Checks: "vga_800_600:video"
 24. Elapsed Time Per Partition
 25. Analysis & Synthesis Messages
 26. Analysis & Synthesis Suppressed Messages



----------------
; Legal Notice ;
----------------
Copyright (C) 1991-2013 Altera Corporation
Your use of Altera Corporation's design tools, logic functions 
and other software and tools, and its AMPP partner logic 
functions, and any output files from any of the foregoing 
(including device programming or simulation files), and any 
associated documentation or information are expressly subject 
to the terms and conditions of the Altera Program License 
Subscription Agreement, Altera MegaCore Function License 
Agreement, or other applicable license agreement, including, 
without limitation, that your use is for the sole purpose of 
programming logic devices manufactured by Altera and sold by 
Altera or its authorized distributors.  Please refer to the 
applicable agreement for further details.



+----------------------------------------------------------------------------------+
; Analysis & Synthesis Summary                                                     ;
+------------------------------------+---------------------------------------------+
; Analysis & Synthesis Status        ; Successful - Sun Dec 24 22:20:46 2017       ;
; Quartus II 64-Bit Version          ; 13.1.0 Build 162 10/23/2013 SJ Full Version ;
; Revision Name                      ; Snake_fpga                                  ;
; Top-level Entity Name              ; snake_ram                                   ;
; Family                             ; Cyclone III                                 ;
; Total logic elements               ; 454                                         ;
;     Total combinational functions  ; 438                                         ;
;     Dedicated logic registers      ; 164                                         ;
; Total registers                    ; 164                                         ;
; Total pins                         ; 44                                          ;
; Total virtual pins                 ; 0                                           ;
; Total memory bits                  ; 2,048                                       ;
; Embedded Multiplier 9-bit elements ; 0                                           ;
; Total PLLs                         ; 0                                           ;
+------------------------------------+---------------------------------------------+


+----------------------------------------------------------------------------------------------------------------------+
; Analysis & Synthesis Settings                                                                                        ;
+----------------------------------------------------------------------------+--------------------+--------------------+
; Option                                                                     ; Setting            ; Default Value      ;
+----------------------------------------------------------------------------+--------------------+--------------------+
; Device                                                                     ; EP3C25Q240C8       ;                    ;
; Top-level entity name                                                      ; snake_ram          ; Snake_fpga         ;
; Family name                                                                ; Cyclone III        ; Cyclone IV GX      ;
; Use smart compilation                                                      ; Off                ; Off                ;
; Enable parallel Assembler and TimeQuest Timing Analyzer during compilation ; On                 ; On                 ;
; Enable compact report table                                                ; Off                ; Off                ;
; Restructure Multiplexers                                                   ; Auto               ; Auto               ;
; Create Debugging Nodes for IP Cores                                        ; Off                ; Off                ;
; Preserve fewer node names                                                  ; On                 ; On                 ;
; Disable OpenCore Plus hardware evaluation                                  ; Off                ; Off                ;
; Verilog Version                                                            ; Verilog_2001       ; Verilog_2001       ;
; VHDL Version                                                               ; VHDL_1993          ; VHDL_1993          ;
; State Machine Processing                                                   ; Auto               ; Auto               ;
; Safe State Machine                                                         ; Off                ; Off                ;
; Extract Verilog State Machines                                             ; On                 ; On                 ;
; Extract VHDL State Machines                                                ; On                 ; On                 ;
; Ignore Verilog initial constructs                                          ; Off                ; Off                ;
; Iteration limit for constant Verilog loops                                 ; 5000               ; 5000               ;
; Iteration limit for non-constant Verilog loops                             ; 250                ; 250                ;
; Add Pass-Through Logic to Inferred RAMs                                    ; On                 ; On                 ;
; Infer RAMs from Raw Logic                                                  ; On                 ; On                 ;
; Parallel Synthesis                                                         ; On                 ; On                 ;
; DSP Block Balancing                                                        ; Auto               ; Auto               ;
; NOT Gate Push-Back                                                         ; On                 ; On                 ;
; Power-Up Don't Care                                                        ; On                 ; On                 ;
; Remove Redundant Logic Cells                                               ; Off                ; Off                ;
; Remove Duplicate Registers                                                 ; On                 ; On                 ;
; Ignore CARRY Buffers                                                       ; Off                ; Off                ;
; Ignore CASCADE Buffers                                                     ; Off                ; Off                ;
; Ignore GLOBAL Buffers                                                      ; Off                ; Off                ;
; Ignore ROW GLOBAL Buffers                                                  ; Off                ; Off                ;
; Ignore LCELL Buffers                                                       ; Off                ; Off                ;
; Ignore SOFT Buffers                                                        ; On                 ; On                 ;
; Limit AHDL Integers to 32 Bits                                             ; Off                ; Off                ;
; Optimization Technique                                                     ; Balanced           ; Balanced           ;
; Carry Chain Length                                                         ; 70                 ; 70                 ;
; Auto Carry Chains                                                          ; On                 ; On                 ;
; Auto Open-Drain Pins                                                       ; On                 ; On                 ;
; Perform WYSIWYG Primitive Resynthesis                                      ; Off                ; Off                ;
; Auto ROM Replacement                                                       ; On                 ; On                 ;
; Auto RAM Replacement                                                       ; On                 ; On                 ;
; Auto DSP Block Replacement                                                 ; On                 ; On                 ;
; Auto Shift Register Replacement                                            ; Auto               ; Auto               ;
; Allow Shift Register Merging across Hierarchies                            ; Auto               ; Auto               ;
; Auto Clock Enable Replacement                                              ; On                 ; On                 ;
; Strict RAM Replacement                                                     ; Off                ; Off                ;
; Allow Synchronous Control Signals                                          ; On                 ; On                 ;
; Force Use of Synchronous Clear Signals                                     ; Off                ; Off                ;
; Auto RAM Block Balancing                                                   ; On                 ; On                 ;
; Auto RAM to Logic Cell Conversion                                          ; Off                ; Off                ;
; Auto Resource Sharing                                                      ; Off                ; Off                ;
; Allow Any RAM Size For Recognition                                         ; Off                ; Off                ;
; Allow Any ROM Size For Recognition                                         ; Off                ; Off                ;
; Allow Any Shift Register Size For Recognition                              ; Off                ; Off                ;
; Use LogicLock Constraints during Resource Balancing                        ; On                 ; On                 ;
; Ignore translate_off and synthesis_off directives                          ; Off                ; Off                ;
; Timing-Driven Synthesis                                                    ; On                 ; On                 ;
; Report Parameter Settings                                                  ; On                 ; On                 ;
; Report Source Assignments                                                  ; On                 ; On                 ;
; Report Connectivity Checks                                                 ; On                 ; On                 ;
; Ignore Maximum Fan-Out Assignments                                         ; Off                ; Off                ;
; Synchronization Register Chain Length                                      ; 2                  ; 2                  ;
; PowerPlay Power Optimization                                               ; Normal compilation ; Normal compilation ;
; HDL message level                                                          ; Level2             ; Level2             ;
; Suppress Register Optimization Related Messages                            ; Off                ; Off                ;
; Number of Removed Registers Reported in Synthesis Report                   ; 5000               ; 5000               ;
; Number of Swept Nodes Reported in Synthesis Report                         ; 5000               ; 5000               ;
; Number of Inverted Registers Reported in Synthesis Report                  ; 100                ; 100                ;
; Clock MUX Protection                                                       ; On                 ; On                 ;
; Auto Gated Clock Conversion                                                ; Off                ; Off                ;
; Block Design Naming                                                        ; Auto               ; Auto               ;
; SDC constraint protection                                                  ; Off                ; Off                ;
; Synthesis Effort                                                           ; Auto               ; Auto               ;
; Shift Register Replacement - Allow Asynchronous Clear Signal               ; On                 ; On                 ;
; Pre-Mapping Resynthesis Optimization                                       ; Off                ; Off                ;
; Analysis & Synthesis Message Level                                         ; Medium             ; Medium             ;
; Disable Register Merging Across Hierarchies                                ; Auto               ; Auto               ;
; Resource Aware Inference For Block RAM                                     ; On                 ; On                 ;
; Synthesis Seed                                                             ; 1                  ; 1                  ;
+----------------------------------------------------------------------------+--------------------+--------------------+


+------------------------------------------+
; Parallel Compilation                     ;
+----------------------------+-------------+
; Processors                 ; Number      ;
+----------------------------+-------------+
; Number detected on machine ; 4           ;
; Maximum allowed            ; 4           ;
;                            ;             ;
; Average used               ; 1.00        ;
; Maximum used               ; 2           ;
;                            ;             ;
; Usage by Processor         ; % Time Used ;
;     Processor 1            ; 100.0%      ;
;     Processor 2            ; < 0.1%      ;
;     Processors 3-4         ;   0.0%      ;
+----------------------------+-------------+


+----------------------------------------------------------------------------------------------------------------------------------------------------------------------+
; Analysis & Synthesis Source Files Read                                                                                                                               ;
+----------------------------------+-----------------+------------------------------+------------------------------------------------------------------------+---------+
; File Name with User-Entered Path ; Used in Netlist ; File Type                    ; File Name with Absolute Path                                           ; Library ;
+----------------------------------+-----------------+------------------------------+------------------------------------------------------------------------+---------+
; keypad.v                         ; yes             ; User Verilog HDL File        ; Z:/Dev/verilog_snake/keypad.v                                          ;         ;
; snake.v                          ; yes             ; User Verilog HDL File        ; Z:/Dev/verilog_snake/snake.v                                           ;         ;
; vga.v                            ; yes             ; User Verilog HDL File        ; Z:/Dev/verilog_snake/vga.v                                             ;         ;
; led8.v                           ; yes             ; User Verilog HDL File        ; Z:/Dev/verilog_snake/led8.v                                            ;         ;
; LFSR8_11D.v                      ; yes             ; User Verilog HDL File        ; Z:/Dev/verilog_snake/LFSR8_11D.v                                       ;         ;
; vram.v                           ; yes             ; User Wizard-Generated File   ; Z:/Dev/verilog_snake/vram.v                                            ;         ;
; altsyncram.tdf                   ; yes             ; Megafunction                 ; c:/altera/13.1/quartus/libraries/megafunctions/altsyncram.tdf          ;         ;
; stratix_ram_block.inc            ; yes             ; Megafunction                 ; c:/altera/13.1/quartus/libraries/megafunctions/stratix_ram_block.inc   ;         ;
; lpm_mux.inc                      ; yes             ; Megafunction                 ; c:/altera/13.1/quartus/libraries/megafunctions/lpm_mux.inc             ;         ;
; lpm_decode.inc                   ; yes             ; Megafunction                 ; c:/altera/13.1/quartus/libraries/megafunctions/lpm_decode.inc          ;         ;
; aglobal131.inc                   ; yes             ; Megafunction                 ; c:/altera/13.1/quartus/libraries/megafunctions/aglobal131.inc          ;         ;
; a_rdenreg.inc                    ; yes             ; Megafunction                 ; c:/altera/13.1/quartus/libraries/megafunctions/a_rdenreg.inc           ;         ;
; altrom.inc                       ; yes             ; Megafunction                 ; c:/altera/13.1/quartus/libraries/megafunctions/altrom.inc              ;         ;
; altram.inc                       ; yes             ; Megafunction                 ; c:/altera/13.1/quartus/libraries/megafunctions/altram.inc              ;         ;
; altdpram.inc                     ; yes             ; Megafunction                 ; c:/altera/13.1/quartus/libraries/megafunctions/altdpram.inc            ;         ;
; db/altsyncram_5en1.tdf           ; yes             ; Auto-Generated Megafunction  ; Z:/Dev/verilog_snake/db/altsyncram_5en1.tdf                            ;         ;
; lpm_mult.tdf                     ; yes             ; Megafunction                 ; c:/altera/13.1/quartus/libraries/megafunctions/lpm_mult.tdf            ;         ;
; lpm_add_sub.inc                  ; yes             ; Megafunction                 ; c:/altera/13.1/quartus/libraries/megafunctions/lpm_add_sub.inc         ;         ;
; multcore.inc                     ; yes             ; Megafunction                 ; c:/altera/13.1/quartus/libraries/megafunctions/multcore.inc            ;         ;
; bypassff.inc                     ; yes             ; Megafunction                 ; c:/altera/13.1/quartus/libraries/megafunctions/bypassff.inc            ;         ;
; altshift.inc                     ; yes             ; Megafunction                 ; c:/altera/13.1/quartus/libraries/megafunctions/altshift.inc            ;         ;
; multcore.tdf                     ; yes             ; Megafunction                 ; c:/altera/13.1/quartus/libraries/megafunctions/multcore.tdf            ;         ;
; csa_add.inc                      ; yes             ; Megafunction                 ; c:/altera/13.1/quartus/libraries/megafunctions/csa_add.inc             ;         ;
; mpar_add.inc                     ; yes             ; Megafunction                 ; c:/altera/13.1/quartus/libraries/megafunctions/mpar_add.inc            ;         ;
; muleabz.inc                      ; yes             ; Megafunction                 ; c:/altera/13.1/quartus/libraries/megafunctions/muleabz.inc             ;         ;
; mul_lfrg.inc                     ; yes             ; Megafunction                 ; c:/altera/13.1/quartus/libraries/megafunctions/mul_lfrg.inc            ;         ;
; mul_boothc.inc                   ; yes             ; Megafunction                 ; c:/altera/13.1/quartus/libraries/megafunctions/mul_boothc.inc          ;         ;
; alt_ded_mult.inc                 ; yes             ; Megafunction                 ; c:/altera/13.1/quartus/libraries/megafunctions/alt_ded_mult.inc        ;         ;
; alt_ded_mult_y.inc               ; yes             ; Megafunction                 ; c:/altera/13.1/quartus/libraries/megafunctions/alt_ded_mult_y.inc      ;         ;
; dffpipe.inc                      ; yes             ; Megafunction                 ; c:/altera/13.1/quartus/libraries/megafunctions/dffpipe.inc             ;         ;
; mpar_add.tdf                     ; yes             ; Megafunction                 ; c:/altera/13.1/quartus/libraries/megafunctions/mpar_add.tdf            ;         ;
; lpm_add_sub.tdf                  ; yes             ; Megafunction                 ; c:/altera/13.1/quartus/libraries/megafunctions/lpm_add_sub.tdf         ;         ;
; addcore.inc                      ; yes             ; Megafunction                 ; c:/altera/13.1/quartus/libraries/megafunctions/addcore.inc             ;         ;
; look_add.inc                     ; yes             ; Megafunction                 ; c:/altera/13.1/quartus/libraries/megafunctions/look_add.inc            ;         ;
; alt_stratix_add_sub.inc          ; yes             ; Megafunction                 ; c:/altera/13.1/quartus/libraries/megafunctions/alt_stratix_add_sub.inc ;         ;
; db/add_sub_2eh.tdf               ; yes             ; Auto-Generated Megafunction  ; Z:/Dev/verilog_snake/db/add_sub_2eh.tdf                                ;         ;
; altshift.tdf                     ; yes             ; Megafunction                 ; c:/altera/13.1/quartus/libraries/megafunctions/altshift.tdf            ;         ;
+----------------------------------+-----------------+------------------------------+------------------------------------------------------------------------+---------+


+---------------------------------------------------------+
; Analysis & Synthesis Resource Usage Summary             ;
+---------------------------------------------+-----------+
; Resource                                    ; Usage     ;
+---------------------------------------------+-----------+
; Estimated Total logic elements              ; 454       ;
;                                             ;           ;
; Total combinational functions               ; 438       ;
; Logic element usage by number of LUT inputs ;           ;
;     -- 4 input functions                    ; 164       ;
;     -- 3 input functions                    ; 64        ;
;     -- <=2 input functions                  ; 210       ;
;                                             ;           ;
; Logic elements by mode                      ;           ;
;     -- normal mode                          ; 276       ;
;     -- arithmetic mode                      ; 162       ;
;                                             ;           ;
; Total registers                             ; 164       ;
;     -- Dedicated logic registers            ; 164       ;
;     -- I/O registers                        ; 0         ;
;                                             ;           ;
; I/O pins                                    ; 44        ;
; Total memory bits                           ; 2048      ;
; Embedded Multiplier 9-bit elements          ; 0         ;
; Maximum fan-out node                        ; clk~input ;
; Maximum fan-out                             ; 145       ;
; Total fan-out                               ; 1970      ;
; Average fan-out                             ; 2.82      ;
+---------------------------------------------+-----------+


+---------------------------------------------------------------------------------------------------------------------------------------------------------------------------------------------------------------------------------------------------------------------------------------+
; Analysis & Synthesis Resource Utilization by Entity                                                                                                                                                                                                                                   ;
+---------------------------------------------+-------------------+--------------+-------------+--------------+---------+-----------+------+--------------+--------------------------------------------------------------------------------------------------------------+--------------+
; Compilation Hierarchy Node                  ; LC Combinationals ; LC Registers ; Memory Bits ; DSP Elements ; DSP 9x9 ; DSP 18x18 ; Pins ; Virtual Pins ; Full Hierarchy Name                                                                                          ; Library Name ;
+---------------------------------------------+-------------------+--------------+-------------+--------------+---------+-----------+------+--------------+--------------------------------------------------------------------------------------------------------------+--------------+
; |snake_ram                                  ; 438 (252)         ; 164 (99)     ; 2048        ; 0            ; 0       ; 0         ; 44   ; 0            ; |snake_ram                                                                                                   ; work         ;
;    |LFSR8_11D:LFSR8_11D|                    ; 3 (3)             ; 8 (8)        ; 0           ; 0            ; 0       ; 0         ; 0    ; 0            ; |snake_ram|LFSR8_11D:LFSR8_11D                                                                               ; work         ;
;    |keypad4x4:key|                          ; 35 (35)           ; 31 (31)      ; 0           ; 0            ; 0       ; 0         ; 0    ; 0            ; |snake_ram|keypad4x4:key                                                                                     ; work         ;
;    |led8:led|                               ; 19 (19)           ; 3 (3)        ; 0           ; 0            ; 0       ; 0         ; 0    ; 0            ; |snake_ram|led8:led                                                                                          ; work         ;
;    |lpm_mult:Mult0|                         ; 6 (0)             ; 0 (0)        ; 0           ; 0            ; 0       ; 0         ; 0    ; 0            ; |snake_ram|lpm_mult:Mult0                                                                                    ; work         ;
;       |multcore:mult_core|                  ; 6 (6)             ; 0 (0)        ; 0           ; 0            ; 0       ; 0         ; 0    ; 0            ; |snake_ram|lpm_mult:Mult0|multcore:mult_core                                                                 ; work         ;
;          |mpar_add:padder|                  ; 0 (0)             ; 0 (0)        ; 0           ; 0            ; 0       ; 0         ; 0    ; 0            ; |snake_ram|lpm_mult:Mult0|multcore:mult_core|mpar_add:padder                                                 ; work         ;
;             |lpm_add_sub:adder[0]|          ; 0 (0)             ; 0 (0)        ; 0           ; 0            ; 0       ; 0         ; 0    ; 0            ; |snake_ram|lpm_mult:Mult0|multcore:mult_core|mpar_add:padder|lpm_add_sub:adder[0]                            ; work         ;
;                |add_sub_2eh:auto_generated| ; 0 (0)             ; 0 (0)        ; 0           ; 0            ; 0       ; 0         ; 0    ; 0            ; |snake_ram|lpm_mult:Mult0|multcore:mult_core|mpar_add:padder|lpm_add_sub:adder[0]|add_sub_2eh:auto_generated ; work         ;
;    |lpm_mult:Mult1|                         ; 11 (0)            ; 0 (0)        ; 0           ; 0            ; 0       ; 0         ; 0    ; 0            ; |snake_ram|lpm_mult:Mult1                                                                                    ; work         ;
;       |multcore:mult_core|                  ; 11 (6)            ; 0 (0)        ; 0           ; 0            ; 0       ; 0         ; 0    ; 0            ; |snake_ram|lpm_mult:Mult1|multcore:mult_core                                                                 ; work         ;
;          |mpar_add:padder|                  ; 5 (0)             ; 0 (0)        ; 0           ; 0            ; 0       ; 0         ; 0    ; 0            ; |snake_ram|lpm_mult:Mult1|multcore:mult_core|mpar_add:padder                                                 ; work         ;
;             |lpm_add_sub:adder[0]|          ; 5 (0)             ; 0 (0)        ; 0           ; 0            ; 0       ; 0         ; 0    ; 0            ; |snake_ram|lpm_mult:Mult1|multcore:mult_core|mpar_add:padder|lpm_add_sub:adder[0]                            ; work         ;
;                |add_sub_2eh:auto_generated| ; 5 (5)             ; 0 (0)        ; 0           ; 0            ; 0       ; 0         ; 0    ; 0            ; |snake_ram|lpm_mult:Mult1|multcore:mult_core|mpar_add:padder|lpm_add_sub:adder[0]|add_sub_2eh:auto_generated ; work         ;
;    |lpm_mult:Mult2|                         ; 11 (0)            ; 0 (0)        ; 0           ; 0            ; 0       ; 0         ; 0    ; 0            ; |snake_ram|lpm_mult:Mult2                                                                                    ; work         ;
;       |multcore:mult_core|                  ; 11 (6)            ; 0 (0)        ; 0           ; 0            ; 0       ; 0         ; 0    ; 0            ; |snake_ram|lpm_mult:Mult2|multcore:mult_core                                                                 ; work         ;
;          |mpar_add:padder|                  ; 5 (0)             ; 0 (0)        ; 0           ; 0            ; 0       ; 0         ; 0    ; 0            ; |snake_ram|lpm_mult:Mult2|multcore:mult_core|mpar_add:padder                                                 ; work         ;
;             |lpm_add_sub:adder[0]|          ; 5 (0)             ; 0 (0)        ; 0           ; 0            ; 0       ; 0         ; 0    ; 0            ; |snake_ram|lpm_mult:Mult2|multcore:mult_core|mpar_add:padder|lpm_add_sub:adder[0]                            ; work         ;
;                |add_sub_2eh:auto_generated| ; 5 (5)             ; 0 (0)        ; 0           ; 0            ; 0       ; 0         ; 0    ; 0            ; |snake_ram|lpm_mult:Mult2|multcore:mult_core|mpar_add:padder|lpm_add_sub:adder[0]|add_sub_2eh:auto_generated ; work         ;
;    |lpm_mult:Mult3|                         ; 11 (0)            ; 0 (0)        ; 0           ; 0            ; 0       ; 0         ; 0    ; 0            ; |snake_ram|lpm_mult:Mult3                                                                                    ; work         ;
;       |multcore:mult_core|                  ; 11 (6)            ; 0 (0)        ; 0           ; 0            ; 0       ; 0         ; 0    ; 0            ; |snake_ram|lpm_mult:Mult3|multcore:mult_core                                                                 ; work         ;
;          |mpar_add:padder|                  ; 5 (0)             ; 0 (0)        ; 0           ; 0            ; 0       ; 0         ; 0    ; 0            ; |snake_ram|lpm_mult:Mult3|multcore:mult_core|mpar_add:padder                                                 ; work         ;
;             |lpm_add_sub:adder[0]|          ; 5 (0)             ; 0 (0)        ; 0           ; 0            ; 0       ; 0         ; 0    ; 0            ; |snake_ram|lpm_mult:Mult3|multcore:mult_core|mpar_add:padder|lpm_add_sub:adder[0]                            ; work         ;
;                |add_sub_2eh:auto_generated| ; 5 (5)             ; 0 (0)        ; 0           ; 0            ; 0       ; 0         ; 0    ; 0            ; |snake_ram|lpm_mult:Mult3|multcore:mult_core|mpar_add:padder|lpm_add_sub:adder[0]|add_sub_2eh:auto_generated ; work         ;
;    |vga_800_600:video|                      ; 90 (90)           ; 23 (23)      ; 0           ; 0            ; 0       ; 0         ; 0    ; 0            ; |snake_ram|vga_800_600:video                                                                                 ; work         ;
;    |vram:vram|                              ; 0 (0)             ; 0 (0)        ; 2048        ; 0            ; 0       ; 0         ; 0    ; 0            ; |snake_ram|vram:vram                                                                                         ; work         ;
;       |altsyncram:altsyncram_component|     ; 0 (0)             ; 0 (0)        ; 2048        ; 0            ; 0       ; 0         ; 0    ; 0            ; |snake_ram|vram:vram|altsyncram:altsyncram_component                                                         ; work         ;
;          |altsyncram_5en1:auto_generated|   ; 0 (0)             ; 0 (0)        ; 2048        ; 0            ; 0       ; 0         ; 0    ; 0            ; |snake_ram|vram:vram|altsyncram:altsyncram_component|altsyncram_5en1:auto_generated                          ; work         ;
+---------------------------------------------+-------------------+--------------+-------------+--------------+---------+-----------+------+--------------+--------------------------------------------------------------------------------------------------------------+--------------+
Note: For table entries with two numbers listed, the numbers in parentheses indicate the number of resources of the given type used by the specific entity alone. The numbers listed outside of parentheses indicate the total resources of the given type used by the specific entity and all of its sub-entities in the hierarchy.


+-----------------------------------------------------------------------------------------------------------------------------------------------------------------------------------------+
; Analysis & Synthesis RAM Summary                                                                                                                                                        ;
+-------------------------------------------------------------------------------------+------+------------------+--------------+--------------+--------------+--------------+------+------+
; Name                                                                                ; Type ; Mode             ; Port A Depth ; Port A Width ; Port B Depth ; Port B Width ; Size ; MIF  ;
+-------------------------------------------------------------------------------------+------+------------------+--------------+--------------+--------------+--------------+------+------+
; vram:vram|altsyncram:altsyncram_component|altsyncram_5en1:auto_generated|ALTSYNCRAM ; AUTO ; Simple Dual Port ; 512          ; 4            ; 512          ; 4            ; 2048 ; None ;
+-------------------------------------------------------------------------------------+------+------------------+--------------+--------------+--------------+--------------+------+------+


+--------------------------------------------------------------------------------------------------------------------+
; Analysis & Synthesis IP Cores Summary                                                                              ;
+--------+--------------+---------+--------------+--------------+----------------------+-----------------------------+
; Vendor ; IP Core Name ; Version ; Release Date ; License Type ; Entity Instance      ; IP Include File             ;
+--------+--------------+---------+--------------+--------------+----------------------+-----------------------------+
; Altera ; RAM: 2-PORT  ; 13.1    ; N/A          ; N/A          ; |snake_ram|vram:vram ; Z:/Dev/verilog_snake/vram.v ;
+--------+--------------+---------+--------------+--------------+----------------------+-----------------------------+


Encoding Type:  One-Hot
+------------------------------------------------------------------------------------------------------------------------------------------------------------------------------------------------+
; State Machine - |snake_ram|ram_state                                                                                                                                                           ;
+-------------------------+------------------------+---------------------+----------------------+------------------------+-------------------------+-------------------------+-------------------+
; Name                    ; ram_state.ram_clr_tail ; ram_state.ram_check ; ram_state.ram_render ; ram_state.ram_set_head ; ram_state.ram_set_apple ; ram_state.ram_gen_apple ; ram_state.ram_clr ;
+-------------------------+------------------------+---------------------+----------------------+------------------------+-------------------------+-------------------------+-------------------+
; ram_state.ram_clr       ; 0                      ; 0                   ; 0                    ; 0                      ; 0                       ; 0                       ; 0                 ;
; ram_state.ram_gen_apple ; 0                      ; 0                   ; 0                    ; 0                      ; 0                       ; 1                       ; 1                 ;
; ram_state.ram_set_apple ; 0                      ; 0                   ; 0                    ; 0                      ; 1                       ; 0                       ; 1                 ;
; ram_state.ram_set_head  ; 0                      ; 0                   ; 0                    ; 1                      ; 0                       ; 0                       ; 1                 ;
; ram_state.ram_render    ; 0                      ; 0                   ; 1                    ; 0                      ; 0                       ; 0                       ; 1                 ;
; ram_state.ram_check     ; 0                      ; 1                   ; 0                    ; 0                      ; 0                       ; 0                       ; 1                 ;
; ram_state.ram_clr_tail  ; 1                      ; 0                   ; 0                    ; 0                      ; 0                       ; 0                       ; 1                 ;
+-------------------------+------------------------+---------------------+----------------------+------------------------+-------------------------+-------------------------+-------------------+


+---------------------------------------------------------------------------------+
; Registers Removed During Synthesis                                              ;
+----------------------------------------+----------------------------------------+
; Register name                          ; Reason for Removal                     ;
+----------------------------------------+----------------------------------------+
; Pixel_Color[8]                         ; Stuck at VCC due to stuck port data_in ;
; Pixel_Color[5]                         ; Merged with Pixel_Color[7]             ;
; Pixel_Color[4]                         ; Merged with Pixel_Color[6]             ;
; Pixel_Color[0,1]                       ; Merged with Pixel_Color[2]             ;
; appl_pos_y[4]                          ; Merged with appl_pos_x[4]              ;
; ram_state~11                           ; Lost fanout                            ;
; ram_state~12                           ; Lost fanout                            ;
; ram_state~13                           ; Lost fanout                            ;
; ram_state~14                           ; Lost fanout                            ;
; score[12..15]                          ; Lost fanout                            ;
; appl_pos_x[4]                          ; Stuck at GND due to stuck port data_in ;
; Total Number of Removed Registers = 15 ;                                        ;
+----------------------------------------+----------------------------------------+


+------------------------------------------------------+
; General Register Statistics                          ;
+----------------------------------------------+-------+
; Statistic                                    ; Value ;
+----------------------------------------------+-------+
; Total registers                              ; 164   ;
; Number of registers using Synchronous Clear  ; 10    ;
; Number of registers using Synchronous Load   ; 5     ;
; Number of registers using Asynchronous Clear ; 138   ;
; Number of registers using Asynchronous Load  ; 0     ;
; Number of registers using Clock Enable       ; 85    ;
; Number of registers using Preset             ; 0     ;
+----------------------------------------------+-------+


+---------------------------------------------------+
; Inverted Register Statistics                      ;
+-----------------------------------------+---------+
; Inverted Register                       ; Fan out ;
+-----------------------------------------+---------+
; vga_800_600:video|hsync                 ; 1       ;
; vga_800_600:video|vsync                 ; 1       ;
; vwren                                   ; 9       ;
; appl_pos_y[1]                           ; 6       ;
; appl_pos_x[3]                           ; 1       ;
; appl_pos_x[2]                           ; 1       ;
; appl_pos_x[1]                           ; 1       ;
; appl_pos_x[0]                           ; 1       ;
; head_pos_y[1]                           ; 10      ;
; head_pos_x[0]                           ; 6       ;
; tail_pos_y[1]                           ; 9       ;
; LFSR8_11D:LFSR8_11D|LFSR[4]             ; 2       ;
; LFSR8_11D:LFSR8_11D|LFSR[7]             ; 5       ;
; LFSR8_11D:LFSR8_11D|LFSR[5]             ; 2       ;
; LFSR8_11D:LFSR8_11D|LFSR[6]             ; 2       ;
; LFSR8_11D:LFSR8_11D|LFSR[3]             ; 2       ;
; LFSR8_11D:LFSR8_11D|LFSR[2]             ; 2       ;
; LFSR8_11D:LFSR8_11D|LFSR[1]             ; 2       ;
; LFSR8_11D:LFSR8_11D|LFSR[0]             ; 2       ;
; Total number of inverted registers = 19 ;         ;
+-----------------------------------------+---------+


+-----------------------------------------------------------------------------------------------------------------------------------------------------+
; Multiplexer Restructuring Statistics (Restructuring Performed)                                                                                      ;
+--------------------+-----------+---------------+----------------------+------------------------+------------+---------------------------------------+
; Multiplexer Inputs ; Bus Width ; Baseline Area ; Area if Restructured ; Saving if Restructured ; Registered ; Example Multiplexer Output            ;
+--------------------+-----------+---------------+----------------------+------------------------+------------+---------------------------------------+
; 3:1                ; 10 bits   ; 20 LEs        ; 10 LEs               ; 10 LEs                 ; Yes        ; |snake_ram|vga_800_600:video|v_cnt[8] ;
; 4:1                ; 5 bits    ; 10 LEs        ; 5 LEs                ; 5 LEs                  ; Yes        ; |snake_ram|cnt[1]                     ;
; 6:1                ; 5 bits    ; 20 LEs        ; 10 LEs               ; 10 LEs                 ; Yes        ; |snake_ram|tail_pos_x[4]              ;
; 6:1                ; 4 bits    ; 16 LEs        ; 8 LEs                ; 8 LEs                  ; Yes        ; |snake_ram|head_pos_x[4]              ;
; 6:1                ; 2 bits    ; 8 LEs         ; 2 LEs                ; 6 LEs                  ; Yes        ; |snake_ram|vdata[2]                   ;
; 7:1                ; 9 bits    ; 36 LEs        ; 18 LEs               ; 18 LEs                 ; Yes        ; |snake_ram|vaddr_read[8]              ;
; 7:1                ; 2 bits    ; 8 LEs         ; 4 LEs                ; 4 LEs                  ; Yes        ; |snake_ram|vdata[1]                   ;
; 20:1               ; 2 bits    ; 26 LEs        ; 4 LEs                ; 22 LEs                 ; Yes        ; |snake_ram|head_dir[1]                ;
; 256:1              ; 4 bits    ; 680 LEs       ; 40 LEs               ; 640 LEs                ; Yes        ; |snake_ram|keypad4x4:key|code[2]      ;
; 10:1               ; 9 bits    ; 54 LEs        ; 18 LEs               ; 36 LEs                 ; Yes        ; |snake_ram|vaddr_write[6]             ;
; 6:1                ; 5 bits    ; 20 LEs        ; 10 LEs               ; 10 LEs                 ; Yes        ; |snake_ram|tail_pos_y[1]              ;
; 6:1                ; 5 bits    ; 20 LEs        ; 10 LEs               ; 10 LEs                 ; Yes        ; |snake_ram|head_pos_y[4]              ;
; 10:1               ; 8 bits    ; 48 LEs        ; 0 LEs                ; 48 LEs                 ; Yes        ; |snake_ram|appl_pos_y[1]              ;
; 4:1                ; 4 bits    ; 8 LEs         ; 8 LEs                ; 0 LEs                  ; No         ; |snake_ram|led8:led|LED[0]            ;
; 18:1               ; 6 bits    ; 72 LEs        ; 36 LEs               ; 36 LEs                 ; No         ; |snake_ram|ram_state                  ;
+--------------------+-----------+---------------+----------------------+------------------------+------------+---------------------------------------+


+-------------------------------------------------------------------------------------------------+
; Source assignments for vram:vram|altsyncram:altsyncram_component|altsyncram_5en1:auto_generated ;
+---------------------------------+--------------------+------+-----------------------------------+
; Assignment                      ; Value              ; From ; To                                ;
+---------------------------------+--------------------+------+-----------------------------------+
; OPTIMIZE_POWER_DURING_SYNTHESIS ; NORMAL_COMPILATION ; -    ; -                                 ;
+---------------------------------+--------------------+------+-----------------------------------+


+----------------------------------------------------------------------------------------+
; Parameter Settings for User Entity Instance: vram:vram|altsyncram:altsyncram_component ;
+------------------------------------+----------------------+----------------------------+
; Parameter Name                     ; Value                ; Type                       ;
+------------------------------------+----------------------+----------------------------+
; BYTE_SIZE_BLOCK                    ; 8                    ; Untyped                    ;
; AUTO_CARRY_CHAINS                  ; ON                   ; AUTO_CARRY                 ;
; IGNORE_CARRY_BUFFERS               ; OFF                  ; IGNORE_CARRY               ;
; AUTO_CASCADE_CHAINS                ; ON                   ; AUTO_CASCADE               ;
; IGNORE_CASCADE_BUFFERS             ; OFF                  ; IGNORE_CASCADE             ;
; WIDTH_BYTEENA                      ; 1                    ; Untyped                    ;
; OPERATION_MODE                     ; DUAL_PORT            ; Untyped                    ;
; WIDTH_A                            ; 4                    ; Signed Integer             ;
; WIDTHAD_A                          ; 9                    ; Signed Integer             ;
; NUMWORDS_A                         ; 512                  ; Signed Integer             ;
; OUTDATA_REG_A                      ; UNREGISTERED         ; Untyped                    ;
; ADDRESS_ACLR_A                     ; NONE                 ; Untyped                    ;
; OUTDATA_ACLR_A                     ; NONE                 ; Untyped                    ;
; WRCONTROL_ACLR_A                   ; NONE                 ; Untyped                    ;
; INDATA_ACLR_A                      ; NONE                 ; Untyped                    ;
; BYTEENA_ACLR_A                     ; NONE                 ; Untyped                    ;
; WIDTH_B                            ; 4                    ; Signed Integer             ;
; WIDTHAD_B                          ; 9                    ; Signed Integer             ;
; NUMWORDS_B                         ; 512                  ; Signed Integer             ;
; INDATA_REG_B                       ; CLOCK1               ; Untyped                    ;
; WRCONTROL_WRADDRESS_REG_B          ; CLOCK1               ; Untyped                    ;
; RDCONTROL_REG_B                    ; CLOCK1               ; Untyped                    ;
; ADDRESS_REG_B                      ; CLOCK0               ; Untyped                    ;
; OUTDATA_REG_B                      ; CLOCK0               ; Untyped                    ;
; BYTEENA_REG_B                      ; CLOCK1               ; Untyped                    ;
; INDATA_ACLR_B                      ; NONE                 ; Untyped                    ;
; WRCONTROL_ACLR_B                   ; NONE                 ; Untyped                    ;
; ADDRESS_ACLR_B                     ; NONE                 ; Untyped                    ;
; OUTDATA_ACLR_B                     ; NONE                 ; Untyped                    ;
; RDCONTROL_ACLR_B                   ; NONE                 ; Untyped                    ;
; BYTEENA_ACLR_B                     ; NONE                 ; Untyped                    ;
; WIDTH_BYTEENA_A                    ; 1                    ; Signed Integer             ;
; WIDTH_BYTEENA_B                    ; 1                    ; Untyped                    ;
; RAM_BLOCK_TYPE                     ; AUTO                 ; Untyped                    ;
; BYTE_SIZE                          ; 8                    ; Untyped                    ;
; READ_DURING_WRITE_MODE_MIXED_PORTS ; DONT_CARE            ; Untyped                    ;
; READ_DURING_WRITE_MODE_PORT_A      ; NEW_DATA_NO_NBE_READ ; Untyped                    ;
; READ_DURING_WRITE_MODE_PORT_B      ; NEW_DATA_NO_NBE_READ ; Untyped                    ;
; INIT_FILE                          ; UNUSED               ; Untyped                    ;
; INIT_FILE_LAYOUT                   ; PORT_A               ; Untyped                    ;
; MAXIMUM_DEPTH                      ; 0                    ; Untyped                    ;
; CLOCK_ENABLE_INPUT_A               ; BYPASS               ; Untyped                    ;
; CLOCK_ENABLE_INPUT_B               ; BYPASS               ; Untyped                    ;
; CLOCK_ENABLE_OUTPUT_A              ; NORMAL               ; Untyped                    ;
; CLOCK_ENABLE_OUTPUT_B              ; BYPASS               ; Untyped                    ;
; CLOCK_ENABLE_CORE_A                ; USE_INPUT_CLKEN      ; Untyped                    ;
; CLOCK_ENABLE_CORE_B                ; USE_INPUT_CLKEN      ; Untyped                    ;
; ENABLE_ECC                         ; FALSE                ; Untyped                    ;
; ECC_PIPELINE_STAGE_ENABLED         ; FALSE                ; Untyped                    ;
; WIDTH_ECCSTATUS                    ; 3                    ; Untyped                    ;
; DEVICE_FAMILY                      ; Cyclone III          ; Untyped                    ;
; CBXI_PARAMETER                     ; altsyncram_5en1      ; Untyped                    ;
+------------------------------------+----------------------+----------------------------+
Note: In order to hide this table in the UI and the text report file, please set the "Show Parameter Settings in Synthesis Report" option in "Analysis and Synthesis Settings -> More Settings" to "Off".


+------------------------------------------------------------------------------------+
; Parameter Settings for Inferred Entity Instance: lpm_mult:Mult1                    ;
+------------------------------------------------+-------------+---------------------+
; Parameter Name                                 ; Value       ; Type                ;
+------------------------------------------------+-------------+---------------------+
; AUTO_CARRY_CHAINS                              ; ON          ; AUTO_CARRY          ;
; IGNORE_CARRY_BUFFERS                           ; OFF         ; IGNORE_CARRY        ;
; AUTO_CASCADE_CHAINS                            ; ON          ; AUTO_CASCADE        ;
; IGNORE_CASCADE_BUFFERS                         ; OFF         ; IGNORE_CASCADE      ;
; LPM_WIDTHA                                     ; 5           ; Untyped             ;
; LPM_WIDTHB                                     ; 5           ; Untyped             ;
; LPM_WIDTHP                                     ; 10          ; Untyped             ;
; LPM_WIDTHR                                     ; 10          ; Untyped             ;
; LPM_WIDTHS                                     ; 1           ; Untyped             ;
; LPM_REPRESENTATION                             ; UNSIGNED    ; Untyped             ;
; LPM_PIPELINE                                   ; 0           ; Untyped             ;
; LATENCY                                        ; 0           ; Untyped             ;
; INPUT_A_IS_CONSTANT                            ; YES         ; Untyped             ;
; INPUT_B_IS_CONSTANT                            ; NO          ; Untyped             ;
; USE_EAB                                        ; OFF         ; Untyped             ;
; MAXIMIZE_SPEED                                 ; 5           ; Untyped             ;
; DEVICE_FAMILY                                  ; Cyclone III ; Untyped             ;
; CARRY_CHAIN                                    ; MANUAL      ; Untyped             ;
; APEX20K_TECHNOLOGY_MAPPER                      ; LUT         ; TECH_MAPPER_APEX20K ;
; DEDICATED_MULTIPLIER_CIRCUITRY                 ; AUTO        ; Untyped             ;
; DEDICATED_MULTIPLIER_MIN_INPUT_WIDTH_FOR_AUTO  ; 0           ; Untyped             ;
; DEDICATED_MULTIPLIER_MIN_OUTPUT_WIDTH_FOR_AUTO ; 0           ; Untyped             ;
; CBXI_PARAMETER                                 ; NOTHING     ; Untyped             ;
; INPUT_A_FIXED_VALUE                            ; Bx          ; Untyped             ;
; INPUT_B_FIXED_VALUE                            ; Bx          ; Untyped             ;
; USE_AHDL_IMPLEMENTATION                        ; OFF         ; Untyped             ;
+------------------------------------------------+-------------+---------------------+
Note: In order to hide this table in the UI and the text report file, please set the "Show Parameter Settings in Synthesis Report" option in "Analysis and Synthesis Settings -> More Settings" to "Off".


+------------------------------------------------------------------------------------+
; Parameter Settings for Inferred Entity Instance: lpm_mult:Mult0                    ;
+------------------------------------------------+-------------+---------------------+
; Parameter Name                                 ; Value       ; Type                ;
+------------------------------------------------+-------------+---------------------+
; AUTO_CARRY_CHAINS                              ; ON          ; AUTO_CARRY          ;
; IGNORE_CARRY_BUFFERS                           ; OFF         ; IGNORE_CARRY        ;
; AUTO_CASCADE_CHAINS                            ; ON          ; AUTO_CASCADE        ;
; IGNORE_CASCADE_BUFFERS                         ; OFF         ; IGNORE_CASCADE      ;
; LPM_WIDTHA                                     ; 5           ; Untyped             ;
; LPM_WIDTHB                                     ; 5           ; Untyped             ;
; LPM_WIDTHP                                     ; 10          ; Untyped             ;
; LPM_WIDTHR                                     ; 10          ; Untyped             ;
; LPM_WIDTHS                                     ; 1           ; Untyped             ;
; LPM_REPRESENTATION                             ; UNSIGNED    ; Untyped             ;
; LPM_PIPELINE                                   ; 0           ; Untyped             ;
; LATENCY                                        ; 0           ; Untyped             ;
; INPUT_A_IS_CONSTANT                            ; YES         ; Untyped             ;
; INPUT_B_IS_CONSTANT                            ; NO          ; Untyped             ;
; USE_EAB                                        ; OFF         ; Untyped             ;
; MAXIMIZE_SPEED                                 ; 5           ; Untyped             ;
; DEVICE_FAMILY                                  ; Cyclone III ; Untyped             ;
; CARRY_CHAIN                                    ; MANUAL      ; Untyped             ;
; APEX20K_TECHNOLOGY_MAPPER                      ; LUT         ; TECH_MAPPER_APEX20K ;
; DEDICATED_MULTIPLIER_CIRCUITRY                 ; AUTO        ; Untyped             ;
; DEDICATED_MULTIPLIER_MIN_INPUT_WIDTH_FOR_AUTO  ; 0           ; Untyped             ;
; DEDICATED_MULTIPLIER_MIN_OUTPUT_WIDTH_FOR_AUTO ; 0           ; Untyped             ;
; CBXI_PARAMETER                                 ; NOTHING     ; Untyped             ;
; INPUT_A_FIXED_VALUE                            ; Bx          ; Untyped             ;
; INPUT_B_FIXED_VALUE                            ; Bx          ; Untyped             ;
; USE_AHDL_IMPLEMENTATION                        ; OFF         ; Untyped             ;
+------------------------------------------------+-------------+---------------------+
Note: In order to hide this table in the UI and the text report file, please set the "Show Parameter Settings in Synthesis Report" option in "Analysis and Synthesis Settings -> More Settings" to "Off".


+------------------------------------------------------------------------------------+
; Parameter Settings for Inferred Entity Instance: lpm_mult:Mult3                    ;
+------------------------------------------------+-------------+---------------------+
; Parameter Name                                 ; Value       ; Type                ;
+------------------------------------------------+-------------+---------------------+
; AUTO_CARRY_CHAINS                              ; ON          ; AUTO_CARRY          ;
; IGNORE_CARRY_BUFFERS                           ; OFF         ; IGNORE_CARRY        ;
; AUTO_CASCADE_CHAINS                            ; ON          ; AUTO_CASCADE        ;
; IGNORE_CASCADE_BUFFERS                         ; OFF         ; IGNORE_CASCADE      ;
; LPM_WIDTHA                                     ; 5           ; Untyped             ;
; LPM_WIDTHB                                     ; 5           ; Untyped             ;
; LPM_WIDTHP                                     ; 10          ; Untyped             ;
; LPM_WIDTHR                                     ; 10          ; Untyped             ;
; LPM_WIDTHS                                     ; 1           ; Untyped             ;
; LPM_REPRESENTATION                             ; UNSIGNED    ; Untyped             ;
; LPM_PIPELINE                                   ; 0           ; Untyped             ;
; LATENCY                                        ; 0           ; Untyped             ;
; INPUT_A_IS_CONSTANT                            ; YES         ; Untyped             ;
; INPUT_B_IS_CONSTANT                            ; NO          ; Untyped             ;
; USE_EAB                                        ; OFF         ; Untyped             ;
; MAXIMIZE_SPEED                                 ; 5           ; Untyped             ;
; DEVICE_FAMILY                                  ; Cyclone III ; Untyped             ;
; CARRY_CHAIN                                    ; MANUAL      ; Untyped             ;
; APEX20K_TECHNOLOGY_MAPPER                      ; LUT         ; TECH_MAPPER_APEX20K ;
; DEDICATED_MULTIPLIER_CIRCUITRY                 ; AUTO        ; Untyped             ;
; DEDICATED_MULTIPLIER_MIN_INPUT_WIDTH_FOR_AUTO  ; 0           ; Untyped             ;
; DEDICATED_MULTIPLIER_MIN_OUTPUT_WIDTH_FOR_AUTO ; 0           ; Untyped             ;
; CBXI_PARAMETER                                 ; NOTHING     ; Untyped             ;
; INPUT_A_FIXED_VALUE                            ; Bx          ; Untyped             ;
; INPUT_B_FIXED_VALUE                            ; Bx          ; Untyped             ;
; USE_AHDL_IMPLEMENTATION                        ; OFF         ; Untyped             ;
+------------------------------------------------+-------------+---------------------+
Note: In order to hide this table in the UI and the text report file, please set the "Show Parameter Settings in Synthesis Report" option in "Analysis and Synthesis Settings -> More Settings" to "Off".


+------------------------------------------------------------------------------------+
; Parameter Settings for Inferred Entity Instance: lpm_mult:Mult2                    ;
+------------------------------------------------+-------------+---------------------+
; Parameter Name                                 ; Value       ; Type                ;
+------------------------------------------------+-------------+---------------------+
; AUTO_CARRY_CHAINS                              ; ON          ; AUTO_CARRY          ;
; IGNORE_CARRY_BUFFERS                           ; OFF         ; IGNORE_CARRY        ;
; AUTO_CASCADE_CHAINS                            ; ON          ; AUTO_CASCADE        ;
; IGNORE_CASCADE_BUFFERS                         ; OFF         ; IGNORE_CASCADE      ;
; LPM_WIDTHA                                     ; 5           ; Untyped             ;
; LPM_WIDTHB                                     ; 5           ; Untyped             ;
; LPM_WIDTHP                                     ; 10          ; Untyped             ;
; LPM_WIDTHR                                     ; 10          ; Untyped             ;
; LPM_WIDTHS                                     ; 1           ; Untyped             ;
; LPM_REPRESENTATION                             ; UNSIGNED    ; Untyped             ;
; LPM_PIPELINE                                   ; 0           ; Untyped             ;
; LATENCY                                        ; 0           ; Untyped             ;
; INPUT_A_IS_CONSTANT                            ; YES         ; Untyped             ;
; INPUT_B_IS_CONSTANT                            ; NO          ; Untyped             ;
; USE_EAB                                        ; OFF         ; Untyped             ;
; MAXIMIZE_SPEED                                 ; 5           ; Untyped             ;
; DEVICE_FAMILY                                  ; Cyclone III ; Untyped             ;
; CARRY_CHAIN                                    ; MANUAL      ; Untyped             ;
; APEX20K_TECHNOLOGY_MAPPER                      ; LUT         ; TECH_MAPPER_APEX20K ;
; DEDICATED_MULTIPLIER_CIRCUITRY                 ; AUTO        ; Untyped             ;
; DEDICATED_MULTIPLIER_MIN_INPUT_WIDTH_FOR_AUTO  ; 0           ; Untyped             ;
; DEDICATED_MULTIPLIER_MIN_OUTPUT_WIDTH_FOR_AUTO ; 0           ; Untyped             ;
; CBXI_PARAMETER                                 ; NOTHING     ; Untyped             ;
; INPUT_A_FIXED_VALUE                            ; Bx          ; Untyped             ;
; INPUT_B_FIXED_VALUE                            ; Bx          ; Untyped             ;
; USE_AHDL_IMPLEMENTATION                        ; OFF         ; Untyped             ;
+------------------------------------------------+-------------+---------------------+
Note: In order to hide this table in the UI and the text report file, please set the "Show Parameter Settings in Synthesis Report" option in "Analysis and Synthesis Settings -> More Settings" to "Off".


+---------------------------------------------------------------------------------------+
; altsyncram Parameter Settings by Entity Instance                                      ;
+-------------------------------------------+-------------------------------------------+
; Name                                      ; Value                                     ;
+-------------------------------------------+-------------------------------------------+
; Number of entity instances                ; 1                                         ;
; Entity Instance                           ; vram:vram|altsyncram:altsyncram_component ;
;     -- OPERATION_MODE                     ; DUAL_PORT                                 ;
;     -- WIDTH_A                            ; 4                                         ;
;     -- NUMWORDS_A                         ; 512                                       ;
;     -- OUTDATA_REG_A                      ; UNREGISTERED                              ;
;     -- WIDTH_B                            ; 4                                         ;
;     -- NUMWORDS_B                         ; 512                                       ;
;     -- ADDRESS_REG_B                      ; CLOCK0                                    ;
;     -- OUTDATA_REG_B                      ; CLOCK0                                    ;
;     -- RAM_BLOCK_TYPE                     ; AUTO                                      ;
;     -- READ_DURING_WRITE_MODE_MIXED_PORTS ; DONT_CARE                                 ;
+-------------------------------------------+-------------------------------------------+


+--------------------------------------------------------+
; lpm_mult Parameter Settings by Entity Instance         ;
+---------------------------------------+----------------+
; Name                                  ; Value          ;
+---------------------------------------+----------------+
; Number of entity instances            ; 4              ;
; Entity Instance                       ; lpm_mult:Mult1 ;
;     -- LPM_WIDTHA                     ; 5              ;
;     -- LPM_WIDTHB                     ; 5              ;
;     -- LPM_WIDTHP                     ; 10             ;
;     -- LPM_REPRESENTATION             ; UNSIGNED       ;
;     -- INPUT_A_IS_CONSTANT            ; YES            ;
;     -- INPUT_B_IS_CONSTANT            ; NO             ;
;     -- USE_EAB                        ; OFF            ;
;     -- DEDICATED_MULTIPLIER_CIRCUITRY ; AUTO           ;
;     -- INPUT_A_FIXED_VALUE            ; Bx             ;
;     -- INPUT_B_FIXED_VALUE            ; Bx             ;
; Entity Instance                       ; lpm_mult:Mult0 ;
;     -- LPM_WIDTHA                     ; 5              ;
;     -- LPM_WIDTHB                     ; 5              ;
;     -- LPM_WIDTHP                     ; 10             ;
;     -- LPM_REPRESENTATION             ; UNSIGNED       ;
;     -- INPUT_A_IS_CONSTANT            ; YES            ;
;     -- INPUT_B_IS_CONSTANT            ; NO             ;
;     -- USE_EAB                        ; OFF            ;
;     -- DEDICATED_MULTIPLIER_CIRCUITRY ; AUTO           ;
;     -- INPUT_A_FIXED_VALUE            ; Bx             ;
;     -- INPUT_B_FIXED_VALUE            ; Bx             ;
; Entity Instance                       ; lpm_mult:Mult3 ;
;     -- LPM_WIDTHA                     ; 5              ;
;     -- LPM_WIDTHB                     ; 5              ;
;     -- LPM_WIDTHP                     ; 10             ;
;     -- LPM_REPRESENTATION             ; UNSIGNED       ;
;     -- INPUT_A_IS_CONSTANT            ; YES            ;
;     -- INPUT_B_IS_CONSTANT            ; NO             ;
;     -- USE_EAB                        ; OFF            ;
;     -- DEDICATED_MULTIPLIER_CIRCUITRY ; AUTO           ;
;     -- INPUT_A_FIXED_VALUE            ; Bx             ;
;     -- INPUT_B_FIXED_VALUE            ; Bx             ;
; Entity Instance                       ; lpm_mult:Mult2 ;
;     -- LPM_WIDTHA                     ; 5              ;
;     -- LPM_WIDTHB                     ; 5              ;
;     -- LPM_WIDTHP                     ; 10             ;
;     -- LPM_REPRESENTATION             ; UNSIGNED       ;
;     -- INPUT_A_IS_CONSTANT            ; YES            ;
;     -- INPUT_B_IS_CONSTANT            ; NO             ;
;     -- USE_EAB                        ; OFF            ;
;     -- DEDICATED_MULTIPLIER_CIRCUITRY ; AUTO           ;
;     -- INPUT_A_FIXED_VALUE            ; Bx             ;
;     -- INPUT_B_FIXED_VALUE            ; Bx             ;
+---------------------------------------+----------------+


+-------------------------------------------------------------------------------------------------------------------------+
; Port Connectivity Checks: "vga_800_600:video"                                                                           ;
+---------------+--------+----------+-------------------------------------------------------------------------------------+
; Port          ; Type   ; Severity ; Details                                                                             ;
+---------------+--------+----------+-------------------------------------------------------------------------------------+
; pixel_x[4..0] ; Output ; Info     ; Connected to dangling logic. Logic that only feeds a dangling port will be removed. ;
; pixel_y[4..0] ; Output ; Info     ; Connected to dangling logic. Logic that only feeds a dangling port will be removed. ;
+---------------+--------+----------+-------------------------------------------------------------------------------------+


+-------------------------------+
; Elapsed Time Per Partition    ;
+----------------+--------------+
; Partition Name ; Elapsed Time ;
+----------------+--------------+
; Top            ; 00:00:01     ;
+----------------+--------------+


+-------------------------------+
; Analysis & Synthesis Messages ;
+-------------------------------+
Info: *******************************************************************
Info: Running Quartus II 64-Bit Analysis & Synthesis
    Info: Version 13.1.0 Build 162 10/23/2013 SJ Full Version
    Info: Processing started: Sun Dec 24 22:20:43 2017
Info: Command: quartus_map --read_settings_files=on --write_settings_files=off Snake_fpga -c Snake_fpga
Info (20030): Parallel compilation is enabled and will use 4 of the 4 processors detected
Info (12021): Found 1 design units, including 1 entities, in source file keypad.v
    Info (12023): Found entity 1: keypad4x4
Info (12021): Found 1 design units, including 1 entities, in source file snake.v
    Info (12023): Found entity 1: snake_ram
Info (12021): Found 1 design units, including 1 entities, in source file vga.v
    Info (12023): Found entity 1: vga_800_600
Info (12021): Found 1 design units, including 1 entities, in source file led8.v
    Info (12023): Found entity 1: led8
Info (12021): Found 1 design units, including 1 entities, in source file lfsr8_11d.v
    Info (12023): Found entity 1: LFSR8_11D
Info (12021): Found 1 design units, including 1 entities, in source file vram.v
    Info (12023): Found entity 1: vram
Info (12127): Elaborating entity "snake_ram" for the top level hierarchy
Warning (10230): Verilog HDL assignment warning at snake.v(122): truncated value with size 32 to match size of target (5)
Warning (10034): Output port "Light" at snake.v(18) has no driver
Info (12128): Elaborating entity "vram" for hierarchy "vram:vram"
Info (12128): Elaborating entity "altsyncram" for hierarchy "vram:vram|altsyncram:altsyncram_component"
Info (12130): Elaborated megafunction instantiation "vram:vram|altsyncram:altsyncram_component"
Info (12133): Instantiated megafunction "vram:vram|altsyncram:altsyncram_component" with the following parameter:
    Info (12134): Parameter "address_aclr_b" = "NONE"
    Info (12134): Parameter "address_reg_b" = "CLOCK0"
    Info (12134): Parameter "clock_enable_input_a" = "BYPASS"
    Info (12134): Parameter "clock_enable_input_b" = "BYPASS"
    Info (12134): Parameter "clock_enable_output_b" = "BYPASS"
    Info (12134): Parameter "intended_device_family" = "Cyclone III"
    Info (12134): Parameter "lpm_type" = "altsyncram"
    Info (12134): Parameter "numwords_a" = "512"
    Info (12134): Parameter "numwords_b" = "512"
    Info (12134): Parameter "operation_mode" = "DUAL_PORT"
    Info (12134): Parameter "outdata_aclr_b" = "NONE"
    Info (12134): Parameter "outdata_reg_b" = "CLOCK0"
    Info (12134): Parameter "power_up_uninitialized" = "FALSE"
    Info (12134): Parameter "read_during_write_mode_mixed_ports" = "DONT_CARE"
    Info (12134): Parameter "widthad_a" = "9"
    Info (12134): Parameter "widthad_b" = "9"
    Info (12134): Parameter "width_a" = "4"
    Info (12134): Parameter "width_b" = "4"
    Info (12134): Parameter "width_byteena_a" = "1"
Info (12021): Found 1 design units, including 1 entities, in source file db/altsyncram_5en1.tdf
    Info (12023): Found entity 1: altsyncram_5en1
Info (12128): Elaborating entity "altsyncram_5en1" for hierarchy "vram:vram|altsyncram:altsyncram_component|altsyncram_5en1:auto_generated"
Info (12128): Elaborating entity "keypad4x4" for hierarchy "keypad4x4:key"
Info (12128): Elaborating entity "led8" for hierarchy "led8:led"
Info (12128): Elaborating entity "LFSR8_11D" for hierarchy "LFSR8_11D:LFSR8_11D"
Info (12128): Elaborating entity "vga_800_600" for hierarchy "vga_800_600:video"
Warning (10230): Verilog HDL assignment warning at vga.v(46): truncated value with size 11 to match size of target (10)
Info (278001): Inferred 4 megafunctions from design logic
    Info (278003): Inferred multiplier megafunction ("lpm_mult") from the following logic: "Mult1"
    Info (278003): Inferred multiplier megafunction ("lpm_mult") from the following logic: "Mult0"
    Info (278003): Inferred multiplier megafunction ("lpm_mult") from the following logic: "Mult3"
    Info (278003): Inferred multiplier megafunction ("lpm_mult") from the following logic: "Mult2"
Info (12130): Elaborated megafunction instantiation "lpm_mult:Mult1"
Info (12133): Instantiated megafunction "lpm_mult:Mult1" with the following parameter:
    Info (12134): Parameter "LPM_WIDTHA" = "5"
    Info (12134): Parameter "LPM_WIDTHB" = "5"
    Info (12134): Parameter "LPM_WIDTHP" = "10"
    Info (12134): Parameter "LPM_WIDTHR" = "10"
    Info (12134): Parameter "LPM_WIDTHS" = "1"
    Info (12134): Parameter "LPM_REPRESENTATION" = "UNSIGNED"
    Info (12134): Parameter "INPUT_A_IS_CONSTANT" = "YES"
    Info (12134): Parameter "INPUT_B_IS_CONSTANT" = "NO"
    Info (12134): Parameter "MAXIMIZE_SPEED" = "5"
Info (12131): Elaborated megafunction instantiation "lpm_mult:Mult1|multcore:mult_core", which is child of megafunction instantiation "lpm_mult:Mult1"
Info (12131): Elaborated megafunction instantiation "lpm_mult:Mult1|multcore:mult_core|mpar_add:padder", which is child of megafunction instantiation "lpm_mult:Mult1"
Info (12131): Elaborated megafunction instantiation "lpm_mult:Mult1|multcore:mult_core|mpar_add:padder|lpm_add_sub:adder[0]", which is child of megafunction instantiation "lpm_mult:Mult1"
Info (12021): Found 1 design units, including 1 entities, in source file db/add_sub_2eh.tdf
    Info (12023): Found entity 1: add_sub_2eh
Info (12131): Elaborated megafunction instantiation "lpm_mult:Mult1|altshift:external_latency_ffs", which is child of megafunction instantiation "lpm_mult:Mult1"
Info (12130): Elaborated megafunction instantiation "lpm_mult:Mult2"
Info (12133): Instantiated megafunction "lpm_mult:Mult2" with the following parameter:
    Info (12134): Parameter "LPM_WIDTHA" = "5"
    Info (12134): Parameter "LPM_WIDTHB" = "5"
    Info (12134): Parameter "LPM_WIDTHP" = "10"
    Info (12134): Parameter "LPM_WIDTHR" = "10"
    Info (12134): Parameter "LPM_WIDTHS" = "1"
    Info (12134): Parameter "LPM_REPRESENTATION" = "UNSIGNED"
    Info (12134): Parameter "INPUT_A_IS_CONSTANT" = "YES"
    Info (12134): Parameter "INPUT_B_IS_CONSTANT" = "NO"
    Info (12134): Parameter "MAXIMIZE_SPEED" = "5"
Info (13000): Registers with preset signals will power-up high
Info (13003): DEV_CLRn pin will set, and not reset, register with preset signal due to NOT Gate Push-Back
Warning (13024): Output pins are stuck at VCC or GND
    Warning (13410): Pin "LEDOut[7]" is stuck at GND
    Warning (13410): Pin "Light[0]" is stuck at GND
    Warning (13410): Pin "Light[1]" is stuck at GND
    Warning (13410): Pin "Light[2]" is stuck at GND
    Warning (13410): Pin "Light[3]" is stuck at GND
    Warning (13410): Pin "Light[4]" is stuck at GND
    Warning (13410): Pin "Light[5]" is stuck at GND
    Warning (13410): Pin "Light[6]" is stuck at GND
    Warning (13410): Pin "Light[7]" is stuck at GND
Info (286030): Timing-Driven Synthesis is running
Info (17049): 8 registers lost all their fanouts during netlist optimizations.
Info (17016): Found the following redundant logic cells in design
    Info (17048): Logic cell "lpm_mult:Mult0|multcore:mult_core|mpar_add:padder|lpm_add_sub:adder[0]|add_sub_2eh:auto_generated|op_1~0"
    Info (17048): Logic cell "lpm_mult:Mult0|multcore:mult_core|mpar_add:padder|lpm_add_sub:adder[0]|add_sub_2eh:auto_generated|op_1~2"
    Info (17048): Logic cell "lpm_mult:Mult0|multcore:mult_core|mpar_add:padder|lpm_add_sub:adder[0]|add_sub_2eh:auto_generated|op_1~4"
    Info (17048): Logic cell "lpm_mult:Mult0|multcore:mult_core|mpar_add:padder|lpm_add_sub:adder[0]|add_sub_2eh:auto_generated|op_1~6"
    Info (17048): Logic cell "lpm_mult:Mult0|multcore:mult_core|mpar_add:padder|lpm_add_sub:adder[0]|add_sub_2eh:auto_generated|op_1~8"
Info (144001): Generated suppressed messages file Z:/Dev/verilog_snake/output_files/Snake_fpga.map.smsg
Info (16010): Generating hard_block partition "hard_block:auto_generated_inst"
    Info (16011): Adding 0 node(s), including 0 DDIO, 0 PLL, 0 transceiver and 0 LCELL
Warning (21074): Design contains 1 input pin(s) that do not drive logic
    Warning (15610): No output dependent on input pin "sw_brick"
Info (21057): Implemented 520 device resources after synthesis - the final resource count might be different
    Info (21058): Implemented 7 input pins
    Info (21059): Implemented 37 output pins
    Info (21061): Implemented 472 logic cells
    Info (21064): Implemented 4 RAM segments
Info: Quartus II 64-Bit Analysis & Synthesis was successful. 0 errors, 15 warnings
    Info: Peak virtual memory: 602 megabytes
    Info: Processing ended: Sun Dec 24 22:20:47 2017
    Info: Elapsed time: 00:00:04
    Info: Total CPU time (on all processors): 00:00:03


+------------------------------------------+
; Analysis & Synthesis Suppressed Messages ;
+------------------------------------------+
The suppressed messages can be found in Z:/Dev/verilog_snake/output_files/Snake_fpga.map.smsg.


